This is pdfTeX, Version 3.141592653-2.6-1.40.28 (TeX Live 2025) (preloaded format=pdflatex 2025.7.18)  29 JUL 2025 17:06
entering extended mode
 restricted \write18 enabled.
 file:line:error style messages enabled.
 %&-line parsing enabled.
**d:/masuda/3_researchSeminer/20250808/B4_masuda_20250808.tex
(d:/masuda/3_researchSeminer/20250808/B4_masuda_20250808.tex
LaTeX2e <2025-06-01> patch level 1
L3 programming layer <2025-07-11>
(c:/texlive/2025/texmf-dist/tex/platex/jsclasses/jsarticle.cls

c:/texlive/2025/texmf-dist/tex/platex/jsclasses/jsarticle.cls:14: LaTeX Error: This file needs format `pLaTeX2e'
               but this is `LaTeX2e'.

See the LaTeX manual or LaTeX Companion for explanation.
Type  H <return>  for immediate help.
 ...                                              
                                                  
l.14 \NeedsTeXFormat{pLaTeX2e}
                              
The current input file will not be processed further,
because it was written for some other flavor of TeX.
You're in trouble here.  Try typing  <return>  to proceed.
If that doesn't work, type  X <return>  to quit.

) (./cmlab_4.00.sty

./cmlab_4.00.sty:38: LaTeX Error: This file needs format `pLaTeX2e'
               but this is `LaTeX2e'.

See the LaTeX manual or LaTeX Companion for explanation.
Type  H <return>  for immediate help.
 ...                                              
                                                  
l.38 \NeedsTeXFormat{pLaTeX2e}
                              [2001/09/04]
The current input file will not be processed further,
because it was written for some other flavor of TeX.
You're in trouble here.  Try typing  <return>  to proceed.
If that doesn't work, type  X <return>  to quit.


./cmlab_4.00.sty:38: LaTeX Error: Missing \begin{document}.

See the LaTeX manual or LaTeX Companion for explanation.
Type  H <return>  for immediate help.
 ...                                              
                                                  
l.38 \NeedsTeXFormat{pLaTeX2e}[
                               2001/09/04]
You're in trouble here.  Try typing  <return>  to proceed.
If that doesn't work, type  X <return>  to quit.

Missing character: There is no [ in font nullfont!
Missing character: There is no 2 in font nullfont!
Missing character: There is no 0 in font nullfont!
Missing character: There is no 0 in font nullfont!
Missing character: There is no 1 in font nullfont!
Missing character: There is no / in font nullfont!
Missing character: There is no 0 in font nullfont!
Missing character: There is no 9 in font nullfont!
Missing character: There is no / in font nullfont!
Missing character: There is no 0 in font nullfont!
Missing character: There is no 4 in font nullfont!
Missing character: There is no ] in font nullfont!
) (./cmlabplus.sty

./cmlabplus.sty:10: LaTeX Error: This file needs format `pLaTeX2e'
               but this is `LaTeX2e'.

See the LaTeX manual or LaTeX Companion for explanation.
Type  H <return>  for immediate help.
 ...                                              
                                                  
l.10 \NeedsTeXFormat{pLaTeX2e}
                              [2001/09/04]
The current input file will not be processed further,
because it was written for some other flavor of TeX.
You're in trouble here.  Try typing  <return>  to proceed.
If that doesn't work, type  X <return>  to quit.

Missing character: There is no [ in font nullfont!
Missing character: There is no 2 in font nullfont!
Missing character: There is no 0 in font nullfont!
Missing character: There is no 0 in font nullfont!
Missing character: There is no 1 in font nullfont!
Missing character: There is no / in font nullfont!
Missing character: There is no 0 in font nullfont!
Missing character: There is no 9 in font nullfont!
Missing character: There is no / in font nullfont!
Missing character: There is no 0 in font nullfont!
Missing character: There is no 4 in font nullfont!
Missing character: There is no ] in font nullfont!
) (c:/texlive/2025/texmf-dist/tex/latex/graphics/graphicx.sty
Package: graphicx 2024/12/31 v1.2e Enhanced LaTeX Graphics (DPC,SPQR)
 (c:/texlive/2025/texmf-dist/tex/latex/graphics/keyval.sty
Package: keyval 2022/05/29 v1.15 key=value parser (DPC)
\KV@toks@=\toks17
) (c:/texlive/2025/texmf-dist/tex/latex/graphics/graphics.sty
Overfull \hbox (20.0pt too wide) in paragraph at lines 38--27
[]
 []

Package: graphics 2024/08/06 v1.4g Standard LaTeX Graphics (DPC,SPQR)
(c:/texlive/2025/texmf-dist/tex/latex/graphics/trig.sty
Package: trig 2023/12/02 v1.11 sin cos tan (DPC)
) (c:/texlive/2025/texmf-dist/tex/latex/graphics-cfg/graphics.cfg
File: graphics.cfg 2016/06/04 v1.11 sample graphics configuration
)
Package graphics Info: Driver file: dvipdfmx.def on input line 106.
 (c:/texlive/2025/texmf-dist/tex/latex/graphics-def/dvipdfmx.def
File: dvipdfmx.def 2022/09/22 v5.0m Graphics/color driver for dvipdfmx
))
\Gin@req@height=\dimen148
\Gin@req@width=\dimen149
) (c:/texlive/2025/texmf-dist/tex/latex/url/url.sty
\Urlmuskip=\muskip17
Package: url 2013/09/16  ver 3.4  Verb mode for urls, etc.
) (c:/texlive/2025/texmf-dist/tex/latex/preprint/balance.sty
Package: balance 1999/02/23 4.3 (PWD)
\oldvsize=\dimen150
) (c:/texlive/2025/texmf-dist/tex/latex/caption/subcaption.sty
Package: subcaption 2023/07/28 v1.6b Sub-captions (AR)
 (c:/texlive/2025/texmf-dist/tex/latex/caption/caption.sty
Package: caption 2023/08/05 v3.6o Customizing captions (AR)
 (c:/texlive/2025/texmf-dist/tex/latex/caption/caption3.sty
Package: caption3 2023/07/31 v2.4d caption3 kernel (AR)
\caption@tempdima=\dimen151
\captionmargin=\dimen152
\caption@leftmargin=\dimen153
\caption@rightmargin=\dimen154
\caption@width=\dimen155
\caption@indent=\dimen156
\caption@parindent=\dimen157
\caption@hangindent=\dimen158
\abovecaptionskip=\skip49
\belowcaptionskip=\skip50
Package caption Info: Document class w/o caption stuff detected.
)
\c@caption@flags=\count275
\c@continuedfloat=\count276
))
d:/masuda/3_researchSeminer/20250808/B4_masuda_20250808.tex:14: Undefined control sequence.
<argument> \undefinedpagestyle 
                               
l.14 \pagestyle{cmlabw}
                       
The control sequence at the end of the top line
of your error message was never \def'ed. If you have
misspelled it (e.g., `\hobx'), type `I' and the correct
spelling (e.g., `I\hbox'). Otherwise just continue,
and I'll forget about whatever was undefined.

(c:/texlive/2025/texmf-dist/tex/latex/l3backend/l3backend-pdftex.def
File: l3backend-pdftex.def 2025-06-09 L3 backend support: PDF output (pdfTeX)
\l__color_backend_stack_int=\count277
) (./B4_masuda_20250808.aux)
\openout1 = `B4_masuda_20250808.aux'.

LaTeX Font Info:    Checking defaults for OML/cmm/m/it on input line 23.
LaTeX Font Info:    ... okay on input line 23.
LaTeX Font Info:    Checking defaults for OMS/cmsy/m/n on input line 23.
LaTeX Font Info:    ... okay on input line 23.
LaTeX Font Info:    Checking defaults for OT1/cmr/m/n on input line 23.
LaTeX Font Info:    ... okay on input line 23.
LaTeX Font Info:    Checking defaults for T1/cmr/m/n on input line 23.
LaTeX Font Info:    ... okay on input line 23.
LaTeX Font Info:    Checking defaults for TS1/cmr/m/n on input line 23.
LaTeX Font Info:    ... okay on input line 23.
LaTeX Font Info:    Checking defaults for OMX/cmex/m/n on input line 23.
LaTeX Font Info:    ... okay on input line 23.
LaTeX Font Info:    Checking defaults for U/cmr/m/n on input line 23.
LaTeX Font Info:    ... okay on input line 23.


d:/masuda/3_researchSeminer/20250808/B4_masuda_20250808.tex:23: LaTeX Error: The font size command \normalsize is not defined:
               there is probably something wrong with the class file.

See the LaTeX manual or LaTeX Companion for explanation.
Type  H <return>  for immediate help.
 ...                                              
                                                  
l.23 \begin{document}
                     
Your command was ignored.
Type  I <command> <return>  to replace it with another command,
or  <return>  to continue without it.

Package caption Info: Begin \AtBeginDocument code.
Package caption Info: End \AtBeginDocument code.



d:/masuda/3_researchSeminer/20250808/B4_masuda_20250808.tex:27: LaTeX Error: The font size command \normalsize is not defined:
               there is probably something wrong with the class file.

See the LaTeX manual or LaTeX Companion for explanation.
Type  H <return>  for immediate help.
 ...                                              
                                                  
l.27 \twocolumn
               [%
Your command was ignored.
Type  I <command> <return>  to replace it with another command,
or  <return>  to continue without it.

[1]
d:/masuda/3_researchSeminer/20250808/B4_masuda_20250808.tex:31: Undefined control sequence.
<argument> \presendate 
                       {1}{2025}{8}{8} \papertitle {Âπæ‰ΩïÈü≥ÈüøÁêÜË´ñ„Å´Âü∫...
l.31 ]
      
The control sequence at the end of the top line
of your error message was never \def'ed. If you have
misspelled it (e.g., `\hobx'), type `I' and the correct
spelling (e.g., `I\hbox'). Otherwise just continue,
and I'll forget about whatever was undefined.

d:/masuda/3_researchSeminer/20250808/B4_masuda_20250808.tex:31: Undefined control sequence.
<argument> ...sendate {1}{2025}{8}{8} \papertitle 
                                                  {Âπæ‰ΩïÈü≥ÈüøÁêÜË´ñ„Å´Âü∫„...
l.31 ]
      
The control sequence at the end of the top line
of your error message was never \def'ed. If you have
misspelled it (e.g., `\hobx'), type `I' and the correct
spelling (e.g., `I\hbox'). Otherwise just continue,
and I'll forget about whatever was undefined.


d:/masuda/3_researchSeminer/20250808/B4_masuda_20250808.tex:31: LaTeX Error: Unicode character Âπæ (U+5E7E)
               not set up for use with LaTeX.

See the LaTeX manual or LaTeX Companion for explanation.
Type  H <return>  for immediate help.
 ...                                              
                                                  
l.31 ]
      
You may provide a definition with
\DeclareUnicodeCharacter 


d:/masuda/3_researchSeminer/20250808/B4_masuda_20250808.tex:31: LaTeX Error: Unicode character ‰Ωï (U+4F55)
               not set up for use with LaTeX.

See the LaTeX manual or LaTeX Companion for explanation.
Type  H <return>  for immediate help.
 ...                                              
                                                  
l.31 ]
      
You may provide a definition with
\DeclareUnicodeCharacter 


d:/masuda/3_researchSeminer/20250808/B4_masuda_20250808.tex:31: LaTeX Error: Unicode character Èü≥ (U+97F3)
               not set up for use with LaTeX.

See the LaTeX manual or LaTeX Companion for explanation.
Type  H <return>  for immediate help.
 ...                                              
                                                  
l.31 ]
      
You may provide a definition with
\DeclareUnicodeCharacter 


d:/masuda/3_researchSeminer/20250808/B4_masuda_20250808.tex:31: LaTeX Error: Unicode character Èüø (U+97FF)
               not set up for use with LaTeX.

See the LaTeX manual or LaTeX Companion for explanation.
Type  H <return>  for immediate help.
 ...                                              
                                                  
l.31 ]
      
You may provide a definition with
\DeclareUnicodeCharacter 


d:/masuda/3_researchSeminer/20250808/B4_masuda_20250808.tex:31: LaTeX Error: Unicode character ÁêÜ (U+7406)
               not set up for use with LaTeX.

See the LaTeX manual or LaTeX Companion for explanation.
Type  H <return>  for immediate help.
 ...                                              
                                                  
l.31 ]
      
You may provide a definition with
\DeclareUnicodeCharacter 


d:/masuda/3_researchSeminer/20250808/B4_masuda_20250808.tex:31: LaTeX Error: Unicode character Ë´ñ (U+8AD6)
               not set up for use with LaTeX.

See the LaTeX manual or LaTeX Companion for explanation.
Type  H <return>  for immediate help.
 ...                                              
                                                  
l.31 ]
      
You may provide a definition with
\DeclareUnicodeCharacter 


d:/masuda/3_researchSeminer/20250808/B4_masuda_20250808.tex:31: LaTeX Error: Unicode character „Å´ (U+306B)
               not set up for use with LaTeX.

See the LaTeX manual or LaTeX Companion for explanation.
Type  H <return>  for immediate help.
 ...                                              
                                                  
l.31 ]
      
You may provide a definition with
\DeclareUnicodeCharacter 


d:/masuda/3_researchSeminer/20250808/B4_masuda_20250808.tex:31: LaTeX Error: Unicode character Âü∫ (U+57FA)
               not set up for use with LaTeX.

See the LaTeX manual or LaTeX Companion for explanation.
Type  H <return>  for immediate help.
 ...                                              
                                                  
l.31 ]
      
You may provide a definition with
\DeclareUnicodeCharacter 


d:/masuda/3_researchSeminer/20250808/B4_masuda_20250808.tex:31: LaTeX Error: Unicode character „Å• (U+3065)
               not set up for use with LaTeX.

See the LaTeX manual or LaTeX Companion for explanation.
Type  H <return>  for immediate help.
 ...                                              
                                                  
l.31 ]
      
You may provide a definition with
\DeclareUnicodeCharacter 


d:/masuda/3_researchSeminer/20250808/B4_masuda_20250808.tex:31: LaTeX Error: Unicode character „Åè (U+304F)
               not set up for use with LaTeX.

See the LaTeX manual or LaTeX Companion for explanation.
Type  H <return>  for immediate help.
 ...                                              
                                                  
l.31 ]
      
You may provide a definition with
\DeclareUnicodeCharacter 


d:/masuda/3_researchSeminer/20250808/B4_masuda_20250808.tex:31: LaTeX Error: Unicode character È´ò (U+9AD8)
               not set up for use with LaTeX.

See the LaTeX manual or LaTeX Companion for explanation.
Type  H <return>  for immediate help.
 ...                                              
                                                  
l.31 ]
      
You may provide a definition with
\DeclareUnicodeCharacter 


d:/masuda/3_researchSeminer/20250808/B4_masuda_20250808.tex:31: LaTeX Error: Unicode character ÈÄü (U+901F)
               not set up for use with LaTeX.

See the LaTeX manual or LaTeX Companion for explanation.
Type  H <return>  for immediate help.
 ...                                              
                                                  
l.31 ]
      
You may provide a definition with
\DeclareUnicodeCharacter 


d:/masuda/3_researchSeminer/20250808/B4_masuda_20250808.tex:31: LaTeX Error: Unicode character ÈâÑ (U+9244)
               not set up for use with LaTeX.

See the LaTeX manual or LaTeX Companion for explanation.
Type  H <return>  for immediate help.
 ...                                              
                                                  
l.31 ]
      
You may provide a definition with
\DeclareUnicodeCharacter 


d:/masuda/3_researchSeminer/20250808/B4_masuda_20250808.tex:31: LaTeX Error: Unicode character ÈÅì (U+9053)
               not set up for use with LaTeX.

See the LaTeX manual or LaTeX Companion for explanation.
Type  H <return>  for immediate help.
 ...                                              
                                                  
l.31 ]
      
You may provide a definition with
\DeclareUnicodeCharacter 


d:/masuda/3_researchSeminer/20250808/B4_masuda_20250808.tex:31: LaTeX Error: Unicode character È®í (U+9A12)
               not set up for use with LaTeX.

See the LaTeX manual or LaTeX Companion for explanation.
Type  H <return>  for immediate help.
 ...                                              
                                                  
l.31 ]
      
You may provide a definition with
\DeclareUnicodeCharacter 


d:/masuda/3_researchSeminer/20250808/B4_masuda_20250808.tex:31: LaTeX Error: Unicode character Èü≥ (U+97F3)
               not set up for use with LaTeX.

See the LaTeX manual or LaTeX Companion for explanation.
Type  H <return>  for immediate help.
 ...                                              
                                                  
l.31 ]
      
You may provide a definition with
\DeclareUnicodeCharacter 


d:/masuda/3_researchSeminer/20250808/B4_masuda_20250808.tex:31: LaTeX Error: Unicode character „ÅÆ (U+306E)
               not set up for use with LaTeX.

See the LaTeX manual or LaTeX Companion for explanation.
Type  H <return>  for immediate help.
 ...                                              
                                                  
l.31 ]
      
You may provide a definition with
\DeclareUnicodeCharacter 


d:/masuda/3_researchSeminer/20250808/B4_masuda_20250808.tex:31: LaTeX Error: Unicode character „É™ (U+30EA)
               not set up for use with LaTeX.

See the LaTeX manual or LaTeX Companion for explanation.
Type  H <return>  for immediate help.
 ...                                              
                                                  
l.31 ]
      
You may provide a definition with
\DeclareUnicodeCharacter 


d:/masuda/3_researchSeminer/20250808/B4_masuda_20250808.tex:31: LaTeX Error: Unicode character „Ç¢ (U+30A2)
               not set up for use with LaTeX.

See the LaTeX manual or LaTeX Companion for explanation.
Type  H <return>  for immediate help.
 ...                                              
                                                  
l.31 ]
      
You may provide a definition with
\DeclareUnicodeCharacter 


d:/masuda/3_researchSeminer/20250808/B4_masuda_20250808.tex:31: LaTeX Error: Unicode character „É´ (U+30EB)
               not set up for use with LaTeX.

See the LaTeX manual or LaTeX Companion for explanation.
Type  H <return>  for immediate help.
 ...                                              
                                                  
l.31 ]
      
You may provide a definition with
\DeclareUnicodeCharacter 


d:/masuda/3_researchSeminer/20250808/B4_masuda_20250808.tex:31: LaTeX Error: Unicode character „Çø (U+30BF)
               not set up for use with LaTeX.

See the LaTeX manual or LaTeX Companion for explanation.
Type  H <return>  for immediate help.
 ...                                              
                                                  
l.31 ]
      
You may provide a definition with
\DeclareUnicodeCharacter 


d:/masuda/3_researchSeminer/20250808/B4_masuda_20250808.tex:31: LaTeX Error: Unicode character „Ç§ (U+30A4)
               not set up for use with LaTeX.

See the LaTeX manual or LaTeX Companion for explanation.
Type  H <return>  for immediate help.
 ...                                              
                                                  
l.31 ]
      
You may provide a definition with
\DeclareUnicodeCharacter 


d:/masuda/3_researchSeminer/20250808/B4_masuda_20250808.tex:31: LaTeX Error: Unicode character „É† (U+30E0)
               not set up for use with LaTeX.

See the LaTeX manual or LaTeX Companion for explanation.
Type  H <return>  for immediate help.
 ...                                              
                                                  
l.31 ]
      
You may provide a definition with
\DeclareUnicodeCharacter 


d:/masuda/3_researchSeminer/20250808/B4_masuda_20250808.tex:31: LaTeX Error: Unicode character ÂèØ (U+53EF)
               not set up for use with LaTeX.

See the LaTeX manual or LaTeX Companion for explanation.
Type  H <return>  for immediate help.
 ...                                              
                                                  
l.31 ]
      
You may provide a definition with
\DeclareUnicodeCharacter 


d:/masuda/3_researchSeminer/20250808/B4_masuda_20250808.tex:31: LaTeX Error: Unicode character ËÅ¥ (U+8074)
               not set up for use with LaTeX.

See the LaTeX manual or LaTeX Companion for explanation.
Type  H <return>  for immediate help.
 ...                                              
                                                  
l.31 ]
      
You may provide a definition with
\DeclareUnicodeCharacter 


d:/masuda/3_researchSeminer/20250808/B4_masuda_20250808.tex:31: LaTeX Error: Unicode character Âåñ (U+5316)
               not set up for use with LaTeX.

See the LaTeX manual or LaTeX Companion for explanation.
Type  H <return>  for immediate help.
 ...                                              
                                                  
l.31 ]
      
You may provide a definition with
\DeclareUnicodeCharacter 


d:/masuda/3_researchSeminer/20250808/B4_masuda_20250808.tex:31: LaTeX Error: Unicode character „Ç∑ (U+30B7)
               not set up for use with LaTeX.

See the LaTeX manual or LaTeX Companion for explanation.
Type  H <return>  for immediate help.
 ...                                              
                                                  
l.31 ]
      
You may provide a definition with
\DeclareUnicodeCharacter 


d:/masuda/3_researchSeminer/20250808/B4_masuda_20250808.tex:31: LaTeX Error: Unicode character „Çπ (U+30B9)
               not set up for use with LaTeX.

See the LaTeX manual or LaTeX Companion for explanation.
Type  H <return>  for immediate help.
 ...                                              
                                                  
l.31 ]
      
You may provide a definition with
\DeclareUnicodeCharacter 


d:/masuda/3_researchSeminer/20250808/B4_masuda_20250808.tex:31: LaTeX Error: Unicode character „ÉÜ (U+30C6)
               not set up for use with LaTeX.

See the LaTeX manual or LaTeX Companion for explanation.
Type  H <return>  for immediate help.
 ...                                              
                                                  
l.31 ]
      
You may provide a definition with
\DeclareUnicodeCharacter 


d:/masuda/3_researchSeminer/20250808/B4_masuda_20250808.tex:31: LaTeX Error: Unicode character „É† (U+30E0)
               not set up for use with LaTeX.

See the LaTeX manual or LaTeX Companion for explanation.
Type  H <return>  for immediate help.
 ...                                              
                                                  
l.31 ]
      
You may provide a definition with
\DeclareUnicodeCharacter 


d:/masuda/3_researchSeminer/20250808/B4_masuda_20250808.tex:31: LaTeX Error: Unicode character „ÅÆ (U+306E)
               not set up for use with LaTeX.

See the LaTeX manual or LaTeX Companion for explanation.
Type  H <return>  for immediate help.
 ...                                              
                                                  
l.31 ]
      
You may provide a definition with
\DeclareUnicodeCharacter 


d:/masuda/3_researchSeminer/20250808/B4_masuda_20250808.tex:31: LaTeX Error: Unicode character Êßã (U+69CB)
               not set up for use with LaTeX.

See the LaTeX manual or LaTeX Companion for explanation.
Type  H <return>  for immediate help.
 ...                                              
                                                  
l.31 ]
      
You may provide a definition with
\DeclareUnicodeCharacter 


d:/masuda/3_researchSeminer/20250808/B4_masuda_20250808.tex:31: LaTeX Error: Unicode character ÁØâ (U+7BC9)
               not set up for use with LaTeX.

See the LaTeX manual or LaTeX Companion for explanation.
Type  H <return>  for immediate help.
 ...                                              
                                                  
l.31 ]
      
You may provide a definition with
\DeclareUnicodeCharacter 

d:/masuda/3_researchSeminer/20250808/B4_masuda_20250808.tex:31: Undefined control sequence.
<argument> ...Å¥Âåñ„Ç∑„Çπ„ÉÜ„É†„ÅÆÊßãÁØâ} \writer 
                                                  {r}{‰∏≠Â§ÆÂ§ßÂ≠¶ÁêÜÂ∑•Â≠¶È...
l.31 ]
      
The control sequence at the end of the top line
of your error message was never \def'ed. If you have
misspelled it (e.g., `\hobx'), type `I' and the correct
spelling (e.g., `I\hbox'). Otherwise just continue,
and I'll forget about whatever was undefined.


d:/masuda/3_researchSeminer/20250808/B4_masuda_20250808.tex:31: LaTeX Error: Unicode character ‰∏≠ (U+4E2D)
               not set up for use with LaTeX.

See the LaTeX manual or LaTeX Companion for explanation.
Type  H <return>  for immediate help.
 ...                                              
                                                  
l.31 ]
      
You may provide a definition with
\DeclareUnicodeCharacter 


d:/masuda/3_researchSeminer/20250808/B4_masuda_20250808.tex:31: LaTeX Error: Unicode character Â§Æ (U+592E)
               not set up for use with LaTeX.

See the LaTeX manual or LaTeX Companion for explanation.
Type  H <return>  for immediate help.
 ...                                              
                                                  
l.31 ]
      
You may provide a definition with
\DeclareUnicodeCharacter 


d:/masuda/3_researchSeminer/20250808/B4_masuda_20250808.tex:31: LaTeX Error: Unicode character Â§ß (U+5927)
               not set up for use with LaTeX.

See the LaTeX manual or LaTeX Companion for explanation.
Type  H <return>  for immediate help.
 ...                                              
                                                  
l.31 ]
      
You may provide a definition with
\DeclareUnicodeCharacter 


d:/masuda/3_researchSeminer/20250808/B4_masuda_20250808.tex:31: LaTeX Error: Unicode character Â≠¶ (U+5B66)
               not set up for use with LaTeX.

See the LaTeX manual or LaTeX Companion for explanation.
Type  H <return>  for immediate help.
 ...                                              
                                                  
l.31 ]
      
You may provide a definition with
\DeclareUnicodeCharacter 


d:/masuda/3_researchSeminer/20250808/B4_masuda_20250808.tex:31: LaTeX Error: Unicode character ÁêÜ (U+7406)
               not set up for use with LaTeX.

See the LaTeX manual or LaTeX Companion for explanation.
Type  H <return>  for immediate help.
 ...                                              
                                                  
l.31 ]
      
You may provide a definition with
\DeclareUnicodeCharacter 


d:/masuda/3_researchSeminer/20250808/B4_masuda_20250808.tex:31: LaTeX Error: Unicode character Â∑• (U+5DE5)
               not set up for use with LaTeX.

See the LaTeX manual or LaTeX Companion for explanation.
Type  H <return>  for immediate help.
 ...                                              
                                                  
l.31 ]
      
You may provide a definition with
\DeclareUnicodeCharacter 


d:/masuda/3_researchSeminer/20250808/B4_masuda_20250808.tex:31: LaTeX Error: Unicode character Â≠¶ (U+5B66)
               not set up for use with LaTeX.

See the LaTeX manual or LaTeX Companion for explanation.
Type  H <return>  for immediate help.
 ...                                              
                                                  
l.31 ]
      
You may provide a definition with
\DeclareUnicodeCharacter 


d:/masuda/3_researchSeminer/20250808/B4_masuda_20250808.tex:31: LaTeX Error: Unicode character ÈÉ® (U+90E8)
               not set up for use with LaTeX.

See the LaTeX manual or LaTeX Companion for explanation.
Type  H <return>  for immediate help.
 ...                                              
                                                  
l.31 ]
      
You may provide a definition with
\DeclareUnicodeCharacter 


d:/masuda/3_researchSeminer/20250808/B4_masuda_20250808.tex:31: LaTeX Error: Unicode character ÈÉΩ (U+90FD)
               not set up for use with LaTeX.

See the LaTeX manual or LaTeX Companion for explanation.
Type  H <return>  for immediate help.
 ...                                              
                                                  
l.31 ]
      
You may provide a definition with
\DeclareUnicodeCharacter 


d:/masuda/3_researchSeminer/20250808/B4_masuda_20250808.tex:31: LaTeX Error: Unicode character Â∏Ç (U+5E02)
               not set up for use with LaTeX.

See the LaTeX manual or LaTeX Companion for explanation.
Type  H <return>  for immediate help.
 ...                                              
                                                  
l.31 ]
      
You may provide a definition with
\DeclareUnicodeCharacter 


d:/masuda/3_researchSeminer/20250808/B4_masuda_20250808.tex:31: LaTeX Error: Unicode character Áí∞ (U+74B0)
               not set up for use with LaTeX.

See the LaTeX manual or LaTeX Companion for explanation.
Type  H <return>  for immediate help.
 ...                                              
                                                  
l.31 ]
      
You may provide a definition with
\DeclareUnicodeCharacter 


d:/masuda/3_researchSeminer/20250808/B4_masuda_20250808.tex:31: LaTeX Error: Unicode character Â¢É (U+5883)
               not set up for use with LaTeX.

See the LaTeX manual or LaTeX Companion for explanation.
Type  H <return>  for immediate help.
 ...                                              
                                                  
l.31 ]
      
You may provide a definition with
\DeclareUnicodeCharacter 


d:/masuda/3_researchSeminer/20250808/B4_masuda_20250808.tex:31: LaTeX Error: Unicode character Â≠¶ (U+5B66)
               not set up for use with LaTeX.

See the LaTeX manual or LaTeX Companion for explanation.
Type  H <return>  for immediate help.
 ...                                              
                                                  
l.31 ]
      
You may provide a definition with
\DeclareUnicodeCharacter 


d:/masuda/3_researchSeminer/20250808/B4_masuda_20250808.tex:31: LaTeX Error: Unicode character Áßë (U+79D1)
               not set up for use with LaTeX.

See the LaTeX manual or LaTeX Companion for explanation.
Type  H <return>  for immediate help.
 ...                                              
                                                  
l.31 ]
      
You may provide a definition with
\DeclareUnicodeCharacter 


d:/masuda/3_researchSeminer/20250808/B4_masuda_20250808.tex:31: LaTeX Error: Unicode character „ÄÄ (U+3000)
               not set up for use with LaTeX.

See the LaTeX manual or LaTeX Companion for explanation.
Type  H <return>  for immediate help.
 ...                                              
                                                  
l.31 ]
      
You may provide a definition with
\DeclareUnicodeCharacter 


d:/masuda/3_researchSeminer/20250808/B4_masuda_20250808.tex:31: LaTeX Error: Unicode character Â≠¶ (U+5B66)
               not set up for use with LaTeX.

See the LaTeX manual or LaTeX Companion for explanation.
Type  H <return>  for immediate help.
 ...                                              
                                                  
l.31 ]
      
You may provide a definition with
\DeclareUnicodeCharacter 


d:/masuda/3_researchSeminer/20250808/B4_masuda_20250808.tex:31: LaTeX Error: Unicode character ÈÉ® (U+90E8)
               not set up for use with LaTeX.

See the LaTeX manual or LaTeX Companion for explanation.
Type  H <return>  for immediate help.
 ...                                              
                                                  
l.31 ]
      
You may provide a definition with
\DeclareUnicodeCharacter 


d:/masuda/3_researchSeminer/20250808/B4_masuda_20250808.tex:31: LaTeX Error: Unicode character Ôºî (U+FF14)
               not set up for use with LaTeX.

See the LaTeX manual or LaTeX Companion for explanation.
Type  H <return>  for immediate help.
 ...                                              
                                                  
l.31 ]
      
You may provide a definition with
\DeclareUnicodeCharacter 


d:/masuda/3_researchSeminer/20250808/B4_masuda_20250808.tex:31: LaTeX Error: Unicode character Âπ¥ (U+5E74)
               not set up for use with LaTeX.

See the LaTeX manual or LaTeX Companion for explanation.
Type  H <return>  for immediate help.
 ...                                              
                                                  
l.31 ]
      
You may provide a definition with
\DeclareUnicodeCharacter 


d:/masuda/3_researchSeminer/20250808/B4_masuda_20250808.tex:31: LaTeX Error: Unicode character Â¢ó (U+5897)
               not set up for use with LaTeX.

See the LaTeX manual or LaTeX Companion for explanation.
Type  H <return>  for immediate help.
 ...                                              
                                                  
l.31 ]
      
You may provide a definition with
\DeclareUnicodeCharacter 


d:/masuda/3_researchSeminer/20250808/B4_masuda_20250808.tex:31: LaTeX Error: Unicode character Áî∞ (U+7530)
               not set up for use with LaTeX.

See the LaTeX manual or LaTeX Companion for explanation.
Type  H <return>  for immediate help.
 ...                                              
                                                  
l.31 ]
      
You may provide a definition with
\DeclareUnicodeCharacter 


d:/masuda/3_researchSeminer/20250808/B4_masuda_20250808.tex:31: LaTeX Error: Unicode character „ÄÄ (U+3000)
               not set up for use with LaTeX.

See the LaTeX manual or LaTeX Companion for explanation.
Type  H <return>  for immediate help.
 ...                                              
                                                  
l.31 ]
      
You may provide a definition with
\DeclareUnicodeCharacter 


d:/masuda/3_researchSeminer/20250808/B4_masuda_20250808.tex:31: LaTeX Error: Unicode character Ê®π (U+6A39)
               not set up for use with LaTeX.

See the LaTeX manual or LaTeX Companion for explanation.
Type  H <return>  for immediate help.
 ...                                              
                                                  
l.31 ]
      
You may provide a definition with
\DeclareUnicodeCharacter 

d:/masuda/3_researchSeminer/20250808/B4_masuda_20250808.tex:34: Undefined control sequence.
l.34 \section
             {„ÅØ„Åò„ÇÅ„Å´}
The control sequence at the end of the top line
of your error message was never \def'ed. If you have
misspelled it (e.g., `\hobx'), type `I' and the correct
spelling (e.g., `I\hbox'). Otherwise just continue,
and I'll forget about whatever was undefined.


d:/masuda/3_researchSeminer/20250808/B4_masuda_20250808.tex:34: LaTeX Error: Unicode character „ÅØ (U+306F)
               not set up for use with LaTeX.

See the LaTeX manual or LaTeX Companion for explanation.
Type  H <return>  for immediate help.
 ...                                              
                                                  
l.34 \section{„ÅØ
                 „Åò„ÇÅ„Å´}
You may provide a definition with
\DeclareUnicodeCharacter 


d:/masuda/3_researchSeminer/20250808/B4_masuda_20250808.tex:34: LaTeX Error: Unicode character „Åò (U+3058)
               not set up for use with LaTeX.

See the LaTeX manual or LaTeX Companion for explanation.
Type  H <return>  for immediate help.
 ...                                              
                                                  
l.34 \section{„ÅØ„Åò
                    „ÇÅ„Å´}
You may provide a definition with
\DeclareUnicodeCharacter 


d:/masuda/3_researchSeminer/20250808/B4_masuda_20250808.tex:34: LaTeX Error: Unicode character „ÇÅ (U+3081)
               not set up for use with LaTeX.

See the LaTeX manual or LaTeX Companion for explanation.
Type  H <return>  for immediate help.
 ...                                              
                                                  
l.34 \section{„ÅØ„Åò„ÇÅ
                       „Å´}
You may provide a definition with
\DeclareUnicodeCharacter 


d:/masuda/3_researchSeminer/20250808/B4_masuda_20250808.tex:34: LaTeX Error: Unicode character „Å´ (U+306B)
               not set up for use with LaTeX.

See the LaTeX manual or LaTeX Companion for explanation.
Type  H <return>  for immediate help.
 ...                                              
                                                  
l.34 \section{„ÅØ„Åò„ÇÅ„Å´
                          }
You may provide a definition with
\DeclareUnicodeCharacter 


d:/masuda/3_researchSeminer/20250808/B4_masuda_20250808.tex:35: LaTeX Error: Unicode character „É™ (U+30EA)
               not set up for use with LaTeX.

See the LaTeX manual or LaTeX Companion for explanation.
Type  H <return>  for immediate help.
 ...                                              
                                                  
l.35 „É™
        „Éã„Ç¢‰∏≠Â§ÆÊñ∞ÂππÁ∑ö„Å´‰ª£Ë°®„Åï„Çå„ÇãÈõªÁ£ÅÊ∞óÊµÆ‰∏äÂºèÈ´òÈÄüÈâÑÈÅ...
You may provide a definition with
\DeclareUnicodeCharacter 


d:/masuda/3_researchSeminer/20250808/B4_masuda_20250808.tex:35: LaTeX Error: Unicode character „Éã (U+30CB)
               not set up for use with LaTeX.

See the LaTeX manual or LaTeX Companion for explanation.
Type  H <return>  for immediate help.
 ...                                              
                                                  
l.35 „É™„Éã
           „Ç¢‰∏≠Â§ÆÊñ∞ÂππÁ∑ö„Å´‰ª£Ë°®„Åï„Çå„ÇãÈõªÁ£ÅÊ∞óÊµÆ‰∏äÂºèÈ´òÈÄüÈâÑÈÅ...
You may provide a definition with
\DeclareUnicodeCharacter 


d:/masuda/3_researchSeminer/20250808/B4_masuda_20250808.tex:35: LaTeX Error: Unicode character „Ç¢ (U+30A2)
               not set up for use with LaTeX.

See the LaTeX manual or LaTeX Companion for explanation.
Type  H <return>  for immediate help.
 ...                                              
                                                  
l.35 „É™„Éã„Ç¢
              ‰∏≠Â§ÆÊñ∞ÂππÁ∑ö„Å´‰ª£Ë°®„Åï„Çå„ÇãÈõªÁ£ÅÊ∞óÊµÆ‰∏äÂºèÈ´òÈÄüÈâÑÈÅ...
You may provide a definition with
\DeclareUnicodeCharacter 


d:/masuda/3_researchSeminer/20250808/B4_masuda_20250808.tex:35: LaTeX Error: Unicode character ‰∏≠ (U+4E2D)
               not set up for use with LaTeX.

See the LaTeX manual or LaTeX Companion for explanation.
Type  H <return>  for immediate help.
 ...                                              
                                                  
l.35 „É™„Éã„Ç¢‰∏≠
                 Â§ÆÊñ∞ÂππÁ∑ö„Å´‰ª£Ë°®„Åï„Çå„ÇãÈõªÁ£ÅÊ∞óÊµÆ‰∏äÂºèÈ´òÈÄüÈâÑÈÅ...
You may provide a definition with
\DeclareUnicodeCharacter 


d:/masuda/3_researchSeminer/20250808/B4_masuda_20250808.tex:35: LaTeX Error: Unicode character Â§Æ (U+592E)
               not set up for use with LaTeX.

See the LaTeX manual or LaTeX Companion for explanation.
Type  H <return>  for immediate help.
 ...                                              
                                                  
l.35 „É™„Éã„Ç¢‰∏≠Â§Æ
                    Êñ∞ÂππÁ∑ö„Å´‰ª£Ë°®„Åï„Çå„ÇãÈõªÁ£ÅÊ∞óÊµÆ‰∏äÂºèÈ´òÈÄüÈâÑÈÅ...
You may provide a definition with
\DeclareUnicodeCharacter 


d:/masuda/3_researchSeminer/20250808/B4_masuda_20250808.tex:35: LaTeX Error: Unicode character Êñ∞ (U+65B0)
               not set up for use with LaTeX.

See the LaTeX manual or LaTeX Companion for explanation.
Type  H <return>  for immediate help.
 ...                                              
                                                  
l.35 „É™„Éã„Ç¢‰∏≠Â§ÆÊñ∞
                       ÂππÁ∑ö„Å´‰ª£Ë°®„Åï„Çå„ÇãÈõªÁ£ÅÊ∞óÊµÆ‰∏äÂºèÈ´òÈÄüÈâÑÈÅ...
You may provide a definition with
\DeclareUnicodeCharacter 


d:/masuda/3_researchSeminer/20250808/B4_masuda_20250808.tex:35: LaTeX Error: Unicode character Âππ (U+5E79)
               not set up for use with LaTeX.

See the LaTeX manual or LaTeX Companion for explanation.
Type  H <return>  for immediate help.
 ...                                              
                                                  
l.35 „É™„Éã„Ç¢‰∏≠Â§ÆÊñ∞Âππ
                          Á∑ö„Å´‰ª£Ë°®„Åï„Çå„ÇãÈõªÁ£ÅÊ∞óÊµÆ‰∏äÂºèÈ´òÈÄüÈâÑÈÅ...
You may provide a definition with
\DeclareUnicodeCharacter 


d:/masuda/3_researchSeminer/20250808/B4_masuda_20250808.tex:35: LaTeX Error: Unicode character Á∑ö (U+7DDA)
               not set up for use with LaTeX.

See the LaTeX manual or LaTeX Companion for explanation.
Type  H <return>  for immediate help.
 ...                                              
                                                  
l.35 „É™„Éã„Ç¢‰∏≠Â§ÆÊñ∞ÂππÁ∑ö
                             „Å´‰ª£Ë°®„Åï„Çå„ÇãÈõªÁ£ÅÊ∞óÊµÆ‰∏äÂºèÈ´òÈÄüÈâÑÈÅ...
You may provide a definition with
\DeclareUnicodeCharacter 


d:/masuda/3_researchSeminer/20250808/B4_masuda_20250808.tex:35: LaTeX Error: Unicode character „Å´ (U+306B)
               not set up for use with LaTeX.

See the LaTeX manual or LaTeX Companion for explanation.
Type  H <return>  for immediate help.
 ...                                              
                                                  
l.35 „É™„Éã„Ç¢‰∏≠Â§ÆÊñ∞ÂππÁ∑ö„Å´
                                ‰ª£Ë°®„Åï„Çå„ÇãÈõªÁ£ÅÊ∞óÊµÆ‰∏äÂºèÈ´òÈÄüÈâÑÈÅ...
You may provide a definition with
\DeclareUnicodeCharacter 


d:/masuda/3_researchSeminer/20250808/B4_masuda_20250808.tex:35: LaTeX Error: Unicode character ‰ª£ (U+4EE3)
               not set up for use with LaTeX.

See the LaTeX manual or LaTeX Companion for explanation.
Type  H <return>  for immediate help.
 ...                                              
                                                  
l.35 „É™„Éã„Ç¢‰∏≠Â§ÆÊñ∞ÂππÁ∑ö„Å´‰ª£
                                   Ë°®„Åï„Çå„ÇãÈõªÁ£ÅÊ∞óÊµÆ‰∏äÂºèÈ´òÈÄüÈâÑÈÅ...
You may provide a definition with
\DeclareUnicodeCharacter 


d:/masuda/3_researchSeminer/20250808/B4_masuda_20250808.tex:35: LaTeX Error: Unicode character Ë°® (U+8868)
               not set up for use with LaTeX.

See the LaTeX manual or LaTeX Companion for explanation.
Type  H <return>  for immediate help.
 ...                                              
                                                  
l.35 „É™„Éã„Ç¢‰∏≠Â§ÆÊñ∞ÂππÁ∑ö„Å´‰ª£Ë°®
                                      „Åï„Çå„ÇãÈõªÁ£ÅÊ∞óÊµÆ‰∏äÂºèÈ´òÈÄüÈâÑÈÅ...
You may provide a definition with
\DeclareUnicodeCharacter 


d:/masuda/3_researchSeminer/20250808/B4_masuda_20250808.tex:35: LaTeX Error: Unicode character „Åï (U+3055)
               not set up for use with LaTeX.

See the LaTeX manual or LaTeX Companion for explanation.
Type  H <return>  for immediate help.
 ...                                              
                                                  
l.35 „É™„Éã„Ç¢‰∏≠Â§ÆÊñ∞ÂππÁ∑ö„Å´‰ª£Ë°®„Åï
                                         „Çå„ÇãÈõªÁ£ÅÊ∞óÊµÆ‰∏äÂºèÈ´òÈÄüÈâÑÈÅ...
You may provide a definition with
\DeclareUnicodeCharacter 


d:/masuda/3_researchSeminer/20250808/B4_masuda_20250808.tex:35: LaTeX Error: Unicode character „Çå (U+308C)
               not set up for use with LaTeX.

See the LaTeX manual or LaTeX Companion for explanation.
Type  H <return>  for immediate help.
 ...                                              
                                                  
l.35 „É™„Éã„Ç¢‰∏≠Â§ÆÊñ∞ÂππÁ∑ö„Å´‰ª£Ë°®„Åï„Çå
                                            „ÇãÈõªÁ£ÅÊ∞óÊµÆ‰∏äÂºèÈ´òÈÄüÈâÑÈÅ...
You may provide a definition with
\DeclareUnicodeCharacter 


d:/masuda/3_researchSeminer/20250808/B4_masuda_20250808.tex:35: LaTeX Error: Unicode character „Çã (U+308B)
               not set up for use with LaTeX.

See the LaTeX manual or LaTeX Companion for explanation.
Type  H <return>  for immediate help.
 ...                                              
                                                  
l.35 „É™„Éã„Ç¢‰∏≠Â§ÆÊñ∞ÂππÁ∑ö„Å´‰ª£Ë°®„Åï„Çå„Çã
                                               ÈõªÁ£ÅÊ∞óÊµÆ‰∏äÂºèÈ´òÈÄüÈâÑÈÅ...
You may provide a definition with
\DeclareUnicodeCharacter 


d:/masuda/3_researchSeminer/20250808/B4_masuda_20250808.tex:35: LaTeX Error: Unicode character Èõª (U+96FB)
               not set up for use with LaTeX.

See the LaTeX manual or LaTeX Companion for explanation.
Type  H <return>  for immediate help.
 ...                                              
                                                  
l.35 „É™„Éã„Ç¢‰∏≠Â§ÆÊñ∞ÂππÁ∑ö„Å´‰ª£Ë°®„Åï„Çå„ÇãÈõª
                                                  Á£ÅÊ∞óÊµÆ‰∏äÂºèÈ´òÈÄüÈâÑÈÅ...
You may provide a definition with
\DeclareUnicodeCharacter 


d:/masuda/3_researchSeminer/20250808/B4_masuda_20250808.tex:35: LaTeX Error: Unicode character Á£Å (U+78C1)
               not set up for use with LaTeX.

See the LaTeX manual or LaTeX Companion for explanation.
Type  H <return>  for immediate help.
 ...                                              
                                                  
l.35 ...„Ç¢‰∏≠Â§ÆÊñ∞ÂππÁ∑ö„Å´‰ª£Ë°®„Åï„Çå„ÇãÈõªÁ£Å
                                                  Ê∞óÊµÆ‰∏äÂºèÈ´òÈÄüÈâÑÈÅì„Å...
You may provide a definition with
\DeclareUnicodeCharacter 


d:/masuda/3_researchSeminer/20250808/B4_masuda_20250808.tex:35: LaTeX Error: Unicode character Ê∞ó (U+6C17)
               not set up for use with LaTeX.

See the LaTeX manual or LaTeX Companion for explanation.
Type  H <return>  for immediate help.
 ...                                              
                                                  
l.35 ...‰∏≠Â§ÆÊñ∞ÂππÁ∑ö„Å´‰ª£Ë°®„Åï„Çå„ÇãÈõªÁ£ÅÊ∞ó
                                                  ÊµÆ‰∏äÂºèÈ´òÈÄüÈâÑÈÅì„ÅØÔº...
You may provide a definition with
\DeclareUnicodeCharacter 


d:/masuda/3_researchSeminer/20250808/B4_masuda_20250808.tex:35: LaTeX Error: Unicode character ÊµÆ (U+6D6E)
               not set up for use with LaTeX.

See the LaTeX manual or LaTeX Companion for explanation.
Type  H <return>  for immediate help.
 ...                                              
                                                  
l.35 ...Â§ÆÊñ∞ÂππÁ∑ö„Å´‰ª£Ë°®„Åï„Çå„ÇãÈõªÁ£ÅÊ∞óÊµÆ
                                                  ‰∏äÂºèÈ´òÈÄüÈâÑÈÅì„ÅØÔºåÂõ...
You may provide a definition with
\DeclareUnicodeCharacter 


d:/masuda/3_researchSeminer/20250808/B4_masuda_20250808.tex:35: LaTeX Error: Unicode character ‰∏ä (U+4E0A)
               not set up for use with LaTeX.

See the LaTeX manual or LaTeX Companion for explanation.
Type  H <return>  for immediate help.
 ...                                              
                                                  
l.35 ...Êñ∞ÂππÁ∑ö„Å´‰ª£Ë°®„Åï„Çå„ÇãÈõªÁ£ÅÊ∞óÊµÆ‰∏ä
                                                  ÂºèÈ´òÈÄüÈâÑÈÅì„ÅØÔºåÂõΩÂÆ...
You may provide a definition with
\DeclareUnicodeCharacter 


d:/masuda/3_researchSeminer/20250808/B4_masuda_20250808.tex:35: LaTeX Error: Unicode character Âºè (U+5F0F)
               not set up for use with LaTeX.

See the LaTeX manual or LaTeX Companion for explanation.
Type  H <return>  for immediate help.
 ...                                              
                                                  
l.35 ...ÂππÁ∑ö„Å´‰ª£Ë°®„Åï„Çå„ÇãÈõªÁ£ÅÊ∞óÊµÆ‰∏äÂºè
                                                  È´òÈÄüÈâÑÈÅì„ÅØÔºåÂõΩÂÆ∂Áö...
You may provide a definition with
\DeclareUnicodeCharacter 


d:/masuda/3_researchSeminer/20250808/B4_masuda_20250808.tex:35: LaTeX Error: Unicode character È´ò (U+9AD8)
               not set up for use with LaTeX.

See the LaTeX manual or LaTeX Companion for explanation.
Type  H <return>  for immediate help.
 ...                                              
                                                  
l.35 ...Á∑ö„Å´‰ª£Ë°®„Åï„Çå„ÇãÈõªÁ£ÅÊ∞óÊµÆ‰∏äÂºèÈ´ò
                                                  ÈÄüÈâÑÈÅì„ÅØÔºåÂõΩÂÆ∂ÁöÑ„É...
You may provide a definition with
\DeclareUnicodeCharacter 


d:/masuda/3_researchSeminer/20250808/B4_masuda_20250808.tex:35: LaTeX Error: Unicode character ÈÄü (U+901F)
               not set up for use with LaTeX.

See the LaTeX manual or LaTeX Companion for explanation.
Type  H <return>  for immediate help.
 ...                                              
                                                  
l.35 ...„Å´‰ª£Ë°®„Åï„Çå„ÇãÈõªÁ£ÅÊ∞óÊµÆ‰∏äÂºèÈ´òÈÄü
                                                  ÈâÑÈÅì„ÅØÔºåÂõΩÂÆ∂ÁöÑ„Éó„É...
You may provide a definition with
\DeclareUnicodeCharacter 


d:/masuda/3_researchSeminer/20250808/B4_masuda_20250808.tex:35: LaTeX Error: Unicode character ÈâÑ (U+9244)
               not set up for use with LaTeX.

See the LaTeX manual or LaTeX Companion for explanation.
Type  H <return>  for immediate help.
 ...                                              
                                                  
l.35 ...‰ª£Ë°®„Åï„Çå„ÇãÈõªÁ£ÅÊ∞óÊµÆ‰∏äÂºèÈ´òÈÄüÈâÑ
                                                  ÈÅì„ÅØÔºåÂõΩÂÆ∂ÁöÑ„Éó„É≠„Ç...
You may provide a definition with
\DeclareUnicodeCharacter 


d:/masuda/3_researchSeminer/20250808/B4_masuda_20250808.tex:35: LaTeX Error: Unicode character ÈÅì (U+9053)
               not set up for use with LaTeX.

See the LaTeX manual or LaTeX Companion for explanation.
Type  H <return>  for immediate help.
 ...                                              
                                                  
l.35 ...Ë°®„Åï„Çå„ÇãÈõªÁ£ÅÊ∞óÊµÆ‰∏äÂºèÈ´òÈÄüÈâÑÈÅì
                                                  „ÅØÔºåÂõΩÂÆ∂ÁöÑ„Éó„É≠„Ç∏„Ç...
You may provide a definition with
\DeclareUnicodeCharacter 


d:/masuda/3_researchSeminer/20250808/B4_masuda_20250808.tex:35: LaTeX Error: Unicode character „ÅØ (U+306F)
               not set up for use with LaTeX.

See the LaTeX manual or LaTeX Companion for explanation.
Type  H <return>  for immediate help.
 ...                                              
                                                  
l.35 ...„Åï„Çå„ÇãÈõªÁ£ÅÊ∞óÊµÆ‰∏äÂºèÈ´òÈÄüÈâÑÈÅì„ÅØ
                                                  ÔºåÂõΩÂÆ∂ÁöÑ„Éó„É≠„Ç∏„Çß„Ç...
You may provide a definition with
\DeclareUnicodeCharacter 


d:/masuda/3_researchSeminer/20250808/B4_masuda_20250808.tex:35: LaTeX Error: Unicode character Ôºå (U+FF0C)
               not set up for use with LaTeX.

See the LaTeX manual or LaTeX Companion for explanation.
Type  H <return>  for immediate help.
 ...                                              
                                                  
l.35 ...„Çå„ÇãÈõªÁ£ÅÊ∞óÊµÆ‰∏äÂºèÈ´òÈÄüÈâÑÈÅì„ÅØÔºå
                                                  ÂõΩÂÆ∂ÁöÑ„Éó„É≠„Ç∏„Çß„ÇØ„É...
You may provide a definition with
\DeclareUnicodeCharacter 


d:/masuda/3_researchSeminer/20250808/B4_masuda_20250808.tex:35: LaTeX Error: Unicode character ÂõΩ (U+56FD)
               not set up for use with LaTeX.

See the LaTeX manual or LaTeX Companion for explanation.
Type  H <return>  for immediate help.
 ...                                              
                                                  
l.35 ...„ÇãÈõªÁ£ÅÊ∞óÊµÆ‰∏äÂºèÈ´òÈÄüÈâÑÈÅì„ÅØÔºåÂõΩ
                                                  ÂÆ∂ÁöÑ„Éó„É≠„Ç∏„Çß„ÇØ„Éà„Å...
You may provide a definition with
\DeclareUnicodeCharacter 


d:/masuda/3_researchSeminer/20250808/B4_masuda_20250808.tex:35: LaTeX Error: Unicode character ÂÆ∂ (U+5BB6)
               not set up for use with LaTeX.

See the LaTeX manual or LaTeX Companion for explanation.
Type  H <return>  for immediate help.
 ...                                              
                                                  
l.35 ...ÈõªÁ£ÅÊ∞óÊµÆ‰∏äÂºèÈ´òÈÄüÈâÑÈÅì„ÅØÔºåÂõΩÂÆ∂
                                                  ÁöÑ„Éó„É≠„Ç∏„Çß„ÇØ„Éà„Å®„Å...
You may provide a definition with
\DeclareUnicodeCharacter 


d:/masuda/3_researchSeminer/20250808/B4_masuda_20250808.tex:35: LaTeX Error: Unicode character ÁöÑ (U+7684)
               not set up for use with LaTeX.

See the LaTeX manual or LaTeX Companion for explanation.
Type  H <return>  for immediate help.
 ...                                              
                                                  
l.35 ...Á£ÅÊ∞óÊµÆ‰∏äÂºèÈ´òÈÄüÈâÑÈÅì„ÅØÔºåÂõΩÂÆ∂ÁöÑ
                                                  „Éó„É≠„Ç∏„Çß„ÇØ„Éà„Å®„Åó„Å...
You may provide a definition with
\DeclareUnicodeCharacter 


d:/masuda/3_researchSeminer/20250808/B4_masuda_20250808.tex:35: LaTeX Error: Unicode character „Éó (U+30D7)
               not set up for use with LaTeX.

See the LaTeX manual or LaTeX Companion for explanation.
Type  H <return>  for immediate help.
 ...                                              
                                                  
l.35 ...Ê∞óÊµÆ‰∏äÂºèÈ´òÈÄüÈâÑÈÅì„ÅØÔºåÂõΩÂÆ∂ÁöÑ„Éó
                                                  „É≠„Ç∏„Çß„ÇØ„Éà„Å®„Åó„Å¶Êú...
You may provide a definition with
\DeclareUnicodeCharacter 


d:/masuda/3_researchSeminer/20250808/B4_masuda_20250808.tex:35: LaTeX Error: Unicode character „É≠ (U+30ED)
               not set up for use with LaTeX.

See the LaTeX manual or LaTeX Companion for explanation.
Type  H <return>  for immediate help.
 ...                                              
                                                  
l.35 ...ÊµÆ‰∏äÂºèÈ´òÈÄüÈâÑÈÅì„ÅØÔºåÂõΩÂÆ∂ÁöÑ„Éó„É≠
                                                  „Ç∏„Çß„ÇØ„Éà„Å®„Åó„Å¶Êú¨Â∑...
You may provide a definition with
\DeclareUnicodeCharacter 


d:/masuda/3_researchSeminer/20250808/B4_masuda_20250808.tex:35: LaTeX Error: Unicode character „Ç∏ (U+30B8)
               not set up for use with LaTeX.

See the LaTeX manual or LaTeX Companion for explanation.
Type  H <return>  for immediate help.
 ...                                              
                                                  
l.35 ...‰∏äÂºèÈ´òÈÄüÈâÑÈÅì„ÅØÔºåÂõΩÂÆ∂ÁöÑ„Éó„É≠„Ç∏
                                                  „Çß„ÇØ„Éà„Å®„Åó„Å¶Êú¨Â∑û„Ç...
You may provide a definition with
\DeclareUnicodeCharacter 


d:/masuda/3_researchSeminer/20250808/B4_masuda_20250808.tex:35: LaTeX Error: Unicode character „Çß (U+30A7)
               not set up for use with LaTeX.

See the LaTeX manual or LaTeX Companion for explanation.
Type  H <return>  for immediate help.
 ...                                              
                                                  
l.35 ...ÂºèÈ´òÈÄüÈâÑÈÅì„ÅØÔºåÂõΩÂÆ∂ÁöÑ„Éó„É≠„Ç∏„Çß
                                                  „ÇØ„Éà„Å®„Åó„Å¶Êú¨Â∑û„ÇíÊ®...
You may provide a definition with
\DeclareUnicodeCharacter 


d:/masuda/3_researchSeminer/20250808/B4_masuda_20250808.tex:35: LaTeX Error: Unicode character „ÇØ (U+30AF)
               not set up for use with LaTeX.

See the LaTeX manual or LaTeX Companion for explanation.
Type  H <return>  for immediate help.
 ...                                              
                                                  
l.35 ...È´òÈÄüÈâÑÈÅì„ÅØÔºåÂõΩÂÆ∂ÁöÑ„Éó„É≠„Ç∏„Çß„ÇØ
                                                  „Éà„Å®„Åó„Å¶Êú¨Â∑û„ÇíÊ®™Êñ...
You may provide a definition with
\DeclareUnicodeCharacter 


d:/masuda/3_researchSeminer/20250808/B4_masuda_20250808.tex:35: LaTeX Error: Unicode character „Éà (U+30C8)
               not set up for use with LaTeX.

See the LaTeX manual or LaTeX Companion for explanation.
Type  H <return>  for immediate help.
 ...                                              
                                                  
l.35 ...ÈÄüÈâÑÈÅì„ÅØÔºåÂõΩÂÆ∂ÁöÑ„Éó„É≠„Ç∏„Çß„ÇØ„Éà
                                                  „Å®„Åó„Å¶Êú¨Â∑û„ÇíÊ®™Êñ≠„Å...
You may provide a definition with
\DeclareUnicodeCharacter 


d:/masuda/3_researchSeminer/20250808/B4_masuda_20250808.tex:35: LaTeX Error: Unicode character „Å® (U+3068)
               not set up for use with LaTeX.

See the LaTeX manual or LaTeX Companion for explanation.
Type  H <return>  for immediate help.
 ...                                              
                                                  
l.35 ...ÈâÑÈÅì„ÅØÔºåÂõΩÂÆ∂ÁöÑ„Éó„É≠„Ç∏„Çß„ÇØ„Éà„Å®
                                                  „Åó„Å¶Êú¨Â∑û„ÇíÊ®™Êñ≠„Åô„Ç...
You may provide a definition with
\DeclareUnicodeCharacter 


d:/masuda/3_researchSeminer/20250808/B4_masuda_20250808.tex:35: LaTeX Error: Unicode character „Åó (U+3057)
               not set up for use with LaTeX.

See the LaTeX manual or LaTeX Companion for explanation.
Type  H <return>  for immediate help.
 ...                                              
                                                  
l.35 ...ÈÅì„ÅØÔºåÂõΩÂÆ∂ÁöÑ„Éó„É≠„Ç∏„Çß„ÇØ„Éà„Å®„Åó
                                                  „Å¶Êú¨Â∑û„ÇíÊ®™Êñ≠„Åô„ÇãÂΩ...
You may provide a definition with
\DeclareUnicodeCharacter 


d:/masuda/3_researchSeminer/20250808/B4_masuda_20250808.tex:35: LaTeX Error: Unicode character „Å¶ (U+3066)
               not set up for use with LaTeX.

See the LaTeX manual or LaTeX Companion for explanation.
Type  H <return>  for immediate help.
 ...                                              
                                                  
l.35 ...„ÅØÔºåÂõΩÂÆ∂ÁöÑ„Éó„É≠„Ç∏„Çß„ÇØ„Éà„Å®„Åó„Å¶
                                                  Êú¨Â∑û„ÇíÊ®™Êñ≠„Åô„ÇãÂΩ¢„Å...
You may provide a definition with
\DeclareUnicodeCharacter 


d:/masuda/3_researchSeminer/20250808/B4_masuda_20250808.tex:35: LaTeX Error: Unicode character Êú¨ (U+672C)
               not set up for use with LaTeX.

See the LaTeX manual or LaTeX Companion for explanation.
Type  H <return>  for immediate help.
 ...                                              
                                                  
l.35 ...ÔºåÂõΩÂÆ∂ÁöÑ„Éó„É≠„Ç∏„Çß„ÇØ„Éà„Å®„Åó„Å¶Êú¨
                                                  Â∑û„ÇíÊ®™Êñ≠„Åô„ÇãÂΩ¢„ÅßÂª...
You may provide a definition with
\DeclareUnicodeCharacter 


d:/masuda/3_researchSeminer/20250808/B4_masuda_20250808.tex:35: LaTeX Error: Unicode character Â∑û (U+5DDE)
               not set up for use with LaTeX.

See the LaTeX manual or LaTeX Companion for explanation.
Type  H <return>  for immediate help.
 ...                                              
                                                  
l.35 ...ÂõΩÂÆ∂ÁöÑ„Éó„É≠„Ç∏„Çß„ÇØ„Éà„Å®„Åó„Å¶Êú¨Â∑û
                                                  „ÇíÊ®™Êñ≠„Åô„ÇãÂΩ¢„ÅßÂª∫Ë®...
You may provide a definition with
\DeclareUnicodeCharacter 


d:/masuda/3_researchSeminer/20250808/B4_masuda_20250808.tex:35: LaTeX Error: Unicode character „Çí (U+3092)
               not set up for use with LaTeX.

See the LaTeX manual or LaTeX Companion for explanation.
Type  H <return>  for immediate help.
 ...                                              
                                                  
l.35 ...ÂÆ∂ÁöÑ„Éó„É≠„Ç∏„Çß„ÇØ„Éà„Å®„Åó„Å¶Êú¨Â∑û„Çí
                                                  Ê®™Êñ≠„Åô„ÇãÂΩ¢„ÅßÂª∫Ë®≠„Å...
You may provide a definition with
\DeclareUnicodeCharacter 


d:/masuda/3_researchSeminer/20250808/B4_masuda_20250808.tex:35: LaTeX Error: Unicode character Ê®™ (U+6A2A)
               not set up for use with LaTeX.

See the LaTeX manual or LaTeX Companion for explanation.
Type  H <return>  for immediate help.
 ...                                              
                                                  
l.35 ...ÁöÑ„Éó„É≠„Ç∏„Çß„ÇØ„Éà„Å®„Åó„Å¶Êú¨Â∑û„ÇíÊ®™
                                                  Êñ≠„Åô„ÇãÂΩ¢„ÅßÂª∫Ë®≠„ÅåÈÄ...
You may provide a definition with
\DeclareUnicodeCharacter 


d:/masuda/3_researchSeminer/20250808/B4_masuda_20250808.tex:35: LaTeX Error: Unicode character Êñ≠ (U+65AD)
               not set up for use with LaTeX.

See the LaTeX manual or LaTeX Companion for explanation.
Type  H <return>  for immediate help.
 ...                                              
                                                  
l.35 ...„Éó„É≠„Ç∏„Çß„ÇØ„Éà„Å®„Åó„Å¶Êú¨Â∑û„ÇíÊ®™Êñ≠
                                                  „Åô„ÇãÂΩ¢„ÅßÂª∫Ë®≠„ÅåÈÄ≤„Ç...
You may provide a definition with
\DeclareUnicodeCharacter 


d:/masuda/3_researchSeminer/20250808/B4_masuda_20250808.tex:35: LaTeX Error: Unicode character „Åô (U+3059)
               not set up for use with LaTeX.

See the LaTeX manual or LaTeX Companion for explanation.
Type  H <return>  for immediate help.
 ...                                              
                                                  
l.35 ...„É≠„Ç∏„Çß„ÇØ„Éà„Å®„Åó„Å¶Êú¨Â∑û„ÇíÊ®™Êñ≠„Åô
                                                  „ÇãÂΩ¢„ÅßÂª∫Ë®≠„ÅåÈÄ≤„ÇÅ„Ç...
You may provide a definition with
\DeclareUnicodeCharacter 


d:/masuda/3_researchSeminer/20250808/B4_masuda_20250808.tex:35: LaTeX Error: Unicode character „Çã (U+308B)
               not set up for use with LaTeX.

See the LaTeX manual or LaTeX Companion for explanation.
Type  H <return>  for immediate help.
 ...                                              
                                                  
l.35 ...„Ç∏„Çß„ÇØ„Éà„Å®„Åó„Å¶Êú¨Â∑û„ÇíÊ®™Êñ≠„Åô„Çã
                                                  ÂΩ¢„ÅßÂª∫Ë®≠„ÅåÈÄ≤„ÇÅ„Çâ„Ç...
You may provide a definition with
\DeclareUnicodeCharacter 


d:/masuda/3_researchSeminer/20250808/B4_masuda_20250808.tex:35: LaTeX Error: Unicode character ÂΩ¢ (U+5F62)
               not set up for use with LaTeX.

See the LaTeX manual or LaTeX Companion for explanation.
Type  H <return>  for immediate help.
 ...                                              
                                                  
l.35 ...„Çß„ÇØ„Éà„Å®„Åó„Å¶Êú¨Â∑û„ÇíÊ®™Êñ≠„Åô„ÇãÂΩ¢
                                                  „ÅßÂª∫Ë®≠„ÅåÈÄ≤„ÇÅ„Çâ„Çå„Å...
You may provide a definition with
\DeclareUnicodeCharacter 


d:/masuda/3_researchSeminer/20250808/B4_masuda_20250808.tex:35: LaTeX Error: Unicode character „Åß (U+3067)
               not set up for use with LaTeX.

See the LaTeX manual or LaTeX Companion for explanation.
Type  H <return>  for immediate help.
 ...                                              
                                                  
l.35 ...„ÇØ„Éà„Å®„Åó„Å¶Êú¨Â∑û„ÇíÊ®™Êñ≠„Åô„ÇãÂΩ¢„Åß
                                                  Âª∫Ë®≠„ÅåÈÄ≤„ÇÅ„Çâ„Çå„Å¶„Å...
You may provide a definition with
\DeclareUnicodeCharacter 


d:/masuda/3_researchSeminer/20250808/B4_masuda_20250808.tex:35: LaTeX Error: Unicode character Âª∫ (U+5EFA)
               not set up for use with LaTeX.

See the LaTeX manual or LaTeX Companion for explanation.
Type  H <return>  for immediate help.
 ...                                              
                                                  
l.35 ...„Éà„Å®„Åó„Å¶Êú¨Â∑û„ÇíÊ®™Êñ≠„Åô„ÇãÂΩ¢„ÅßÂª∫
                                                  Ë®≠„ÅåÈÄ≤„ÇÅ„Çâ„Çå„Å¶„ÅÑ„Ç...
You may provide a definition with
\DeclareUnicodeCharacter 


d:/masuda/3_researchSeminer/20250808/B4_masuda_20250808.tex:35: LaTeX Error: Unicode character Ë®≠ (U+8A2D)
               not set up for use with LaTeX.

See the LaTeX manual or LaTeX Companion for explanation.
Type  H <return>  for immediate help.
 ...                                              
                                                  
l.35 ...„Å®„Åó„Å¶Êú¨Â∑û„ÇíÊ®™Êñ≠„Åô„ÇãÂΩ¢„ÅßÂª∫Ë®≠
                                                  „ÅåÈÄ≤„ÇÅ„Çâ„Çå„Å¶„ÅÑ„ÇãÔº...
You may provide a definition with
\DeclareUnicodeCharacter 


d:/masuda/3_researchSeminer/20250808/B4_masuda_20250808.tex:35: LaTeX Error: Unicode character „Åå (U+304C)
               not set up for use with LaTeX.

See the LaTeX manual or LaTeX Companion for explanation.
Type  H <return>  for immediate help.
 ...                                              
                                                  
l.35 ...„Åó„Å¶Êú¨Â∑û„ÇíÊ®™Êñ≠„Åô„ÇãÂΩ¢„ÅßÂª∫Ë®≠„Åå
                                                  ÈÄ≤„ÇÅ„Çâ„Çå„Å¶„ÅÑ„ÇãÔºé„Å...
You may provide a definition with
\DeclareUnicodeCharacter 


d:/masuda/3_researchSeminer/20250808/B4_masuda_20250808.tex:35: LaTeX Error: Unicode character ÈÄ≤ (U+9032)
               not set up for use with LaTeX.

See the LaTeX manual or LaTeX Companion for explanation.
Type  H <return>  for immediate help.
 ...                                              
                                                  
l.35 ...„Å¶Êú¨Â∑û„ÇíÊ®™Êñ≠„Åô„ÇãÂΩ¢„ÅßÂª∫Ë®≠„ÅåÈÄ≤
                                                  „ÇÅ„Çâ„Çå„Å¶„ÅÑ„ÇãÔºé„Åó„Å...
You may provide a definition with
\DeclareUnicodeCharacter 


d:/masuda/3_researchSeminer/20250808/B4_masuda_20250808.tex:35: LaTeX Error: Unicode character „ÇÅ (U+3081)
               not set up for use with LaTeX.

See the LaTeX manual or LaTeX Companion for explanation.
Type  H <return>  for immediate help.
 ...                                              
                                                  
l.35 ...Êú¨Â∑û„ÇíÊ®™Êñ≠„Åô„ÇãÂΩ¢„ÅßÂª∫Ë®≠„ÅåÈÄ≤„ÇÅ
                                                  „Çâ„Çå„Å¶„ÅÑ„ÇãÔºé„Åó„Åã„Å...
You may provide a definition with
\DeclareUnicodeCharacter 


d:/masuda/3_researchSeminer/20250808/B4_masuda_20250808.tex:35: LaTeX Error: Unicode character „Çâ (U+3089)
               not set up for use with LaTeX.

See the LaTeX manual or LaTeX Companion for explanation.
Type  H <return>  for immediate help.
 ...                                              
                                                  
l.35 ...Â∑û„ÇíÊ®™Êñ≠„Åô„ÇãÂΩ¢„ÅßÂª∫Ë®≠„ÅåÈÄ≤„ÇÅ„Çâ
                                                  „Çå„Å¶„ÅÑ„ÇãÔºé„Åó„Åã„ÅóÔº...
You may provide a definition with
\DeclareUnicodeCharacter 


d:/masuda/3_researchSeminer/20250808/B4_masuda_20250808.tex:35: LaTeX Error: Unicode character „Çå (U+308C)
               not set up for use with LaTeX.

See the LaTeX manual or LaTeX Companion for explanation.
Type  H <return>  for immediate help.
 ...                                              
                                                  
l.35 ...„ÇíÊ®™Êñ≠„Åô„ÇãÂΩ¢„ÅßÂª∫Ë®≠„ÅåÈÄ≤„ÇÅ„Çâ„Çå
                                                  „Å¶„ÅÑ„ÇãÔºé„Åó„Åã„ÅóÔºå„Å...
You may provide a definition with
\DeclareUnicodeCharacter 


d:/masuda/3_researchSeminer/20250808/B4_masuda_20250808.tex:35: LaTeX Error: Unicode character „Å¶ (U+3066)
               not set up for use with LaTeX.

See the LaTeX manual or LaTeX Companion for explanation.
Type  H <return>  for immediate help.
 ...                                              
                                                  
l.35 ...Ê®™Êñ≠„Åô„ÇãÂΩ¢„ÅßÂª∫Ë®≠„ÅåÈÄ≤„ÇÅ„Çâ„Çå„Å¶
                                                  „ÅÑ„ÇãÔºé„Åó„Åã„ÅóÔºå„Åì„Å...
You may provide a definition with
\DeclareUnicodeCharacter 


d:/masuda/3_researchSeminer/20250808/B4_masuda_20250808.tex:35: LaTeX Error: Unicode character „ÅÑ (U+3044)
               not set up for use with LaTeX.

See the LaTeX manual or LaTeX Companion for explanation.
Type  H <return>  for immediate help.
 ...                                              
                                                  
l.35 ...Êñ≠„Åô„ÇãÂΩ¢„ÅßÂª∫Ë®≠„ÅåÈÄ≤„ÇÅ„Çâ„Çå„Å¶„ÅÑ
                                                  „ÇãÔºé„Åó„Åã„ÅóÔºå„Åì„ÅÆ„Ç...
You may provide a definition with
\DeclareUnicodeCharacter 


d:/masuda/3_researchSeminer/20250808/B4_masuda_20250808.tex:35: LaTeX Error: Unicode character „Çã (U+308B)
               not set up for use with LaTeX.

See the LaTeX manual or LaTeX Companion for explanation.
Type  H <return>  for immediate help.
 ...                                              
                                                  
l.35 ...„Åô„ÇãÂΩ¢„ÅßÂª∫Ë®≠„ÅåÈÄ≤„ÇÅ„Çâ„Çå„Å¶„ÅÑ„Çã
                                                  Ôºé„Åó„Åã„ÅóÔºå„Åì„ÅÆ„Çà„Å...
You may provide a definition with
\DeclareUnicodeCharacter 


d:/masuda/3_researchSeminer/20250808/B4_masuda_20250808.tex:35: LaTeX Error: Unicode character Ôºé (U+FF0E)
               not set up for use with LaTeX.

See the LaTeX manual or LaTeX Companion for explanation.
Type  H <return>  for immediate help.
 ...                                              
                                                  
l.35 ...„ÇãÂΩ¢„ÅßÂª∫Ë®≠„ÅåÈÄ≤„ÇÅ„Çâ„Çå„Å¶„ÅÑ„ÇãÔºé
                                                  „Åó„Åã„ÅóÔºå„Åì„ÅÆ„Çà„ÅÜ„Å...
You may provide a definition with
\DeclareUnicodeCharacter 


d:/masuda/3_researchSeminer/20250808/B4_masuda_20250808.tex:35: LaTeX Error: Unicode character „Åó (U+3057)
               not set up for use with LaTeX.

See the LaTeX manual or LaTeX Companion for explanation.
Type  H <return>  for immediate help.
 ...                                              
                                                  
l.35 ...ÂΩ¢„ÅßÂª∫Ë®≠„ÅåÈÄ≤„ÇÅ„Çâ„Çå„Å¶„ÅÑ„ÇãÔºé„Åó
                                                  „Åã„ÅóÔºå„Åì„ÅÆ„Çà„ÅÜ„Å™Â§...
You may provide a definition with
\DeclareUnicodeCharacter 


d:/masuda/3_researchSeminer/20250808/B4_masuda_20250808.tex:35: LaTeX Error: Unicode character „Åã (U+304B)
               not set up for use with LaTeX.

See the LaTeX manual or LaTeX Companion for explanation.
Type  H <return>  for immediate help.
 ...                                              
                                                  
l.35 ...„ÅßÂª∫Ë®≠„ÅåÈÄ≤„ÇÅ„Çâ„Çå„Å¶„ÅÑ„ÇãÔºé„Åó„Åã
                                                  „ÅóÔºå„Åì„ÅÆ„Çà„ÅÜ„Å™Â§ßË¶...
You may provide a definition with
\DeclareUnicodeCharacter 


d:/masuda/3_researchSeminer/20250808/B4_masuda_20250808.tex:35: LaTeX Error: Unicode character „Åó (U+3057)
               not set up for use with LaTeX.

See the LaTeX manual or LaTeX Companion for explanation.
Type  H <return>  for immediate help.
 ...                                              
                                                  
l.35 ...Âª∫Ë®≠„ÅåÈÄ≤„ÇÅ„Çâ„Çå„Å¶„ÅÑ„ÇãÔºé„Åó„Åã„Åó
                                                  Ôºå„Åì„ÅÆ„Çà„ÅÜ„Å™Â§ßË¶èÊ®...
You may provide a definition with
\DeclareUnicodeCharacter 


d:/masuda/3_researchSeminer/20250808/B4_masuda_20250808.tex:35: LaTeX Error: Unicode character Ôºå (U+FF0C)
               not set up for use with LaTeX.

See the LaTeX manual or LaTeX Companion for explanation.
Type  H <return>  for immediate help.
 ...                                              
                                                  
l.35 ...Ë®≠„ÅåÈÄ≤„ÇÅ„Çâ„Çå„Å¶„ÅÑ„ÇãÔºé„Åó„Åã„ÅóÔºå
                                                  „Åì„ÅÆ„Çà„ÅÜ„Å™Â§ßË¶èÊ®°„É...
You may provide a definition with
\DeclareUnicodeCharacter 


d:/masuda/3_researchSeminer/20250808/B4_masuda_20250808.tex:35: LaTeX Error: Unicode character „Åì (U+3053)
               not set up for use with LaTeX.

See the LaTeX manual or LaTeX Companion for explanation.
Type  H <return>  for immediate help.
 ...                                              
                                                  
l.35 ...„ÅåÈÄ≤„ÇÅ„Çâ„Çå„Å¶„ÅÑ„ÇãÔºé„Åó„Åã„ÅóÔºå„Åì
                                                  „ÅÆ„Çà„ÅÜ„Å™Â§ßË¶èÊ®°„Éó„É...
You may provide a definition with
\DeclareUnicodeCharacter 


d:/masuda/3_researchSeminer/20250808/B4_masuda_20250808.tex:35: LaTeX Error: Unicode character „ÅÆ (U+306E)
               not set up for use with LaTeX.

See the LaTeX manual or LaTeX Companion for explanation.
Type  H <return>  for immediate help.
 ...                                              
                                                  
l.35 ...ÈÄ≤„ÇÅ„Çâ„Çå„Å¶„ÅÑ„ÇãÔºé„Åó„Åã„ÅóÔºå„Åì„ÅÆ
                                                  „Çà„ÅÜ„Å™Â§ßË¶èÊ®°„Éó„É≠„Ç...
You may provide a definition with
\DeclareUnicodeCharacter 


d:/masuda/3_researchSeminer/20250808/B4_masuda_20250808.tex:35: LaTeX Error: Unicode character „Çà (U+3088)
               not set up for use with LaTeX.

See the LaTeX manual or LaTeX Companion for explanation.
Type  H <return>  for immediate help.
 ...                                              
                                                  
l.35 ...„ÇÅ„Çâ„Çå„Å¶„ÅÑ„ÇãÔºé„Åó„Åã„ÅóÔºå„Åì„ÅÆ„Çà
                                                  „ÅÜ„Å™Â§ßË¶èÊ®°„Éó„É≠„Ç∏„Ç...
You may provide a definition with
\DeclareUnicodeCharacter 


d:/masuda/3_researchSeminer/20250808/B4_masuda_20250808.tex:35: LaTeX Error: Unicode character „ÅÜ (U+3046)
               not set up for use with LaTeX.

See the LaTeX manual or LaTeX Companion for explanation.
Type  H <return>  for immediate help.
 ...                                              
                                                  
l.35 ...„Çâ„Çå„Å¶„ÅÑ„ÇãÔºé„Åó„Åã„ÅóÔºå„Åì„ÅÆ„Çà„ÅÜ
                                                  „Å™Â§ßË¶èÊ®°„Éó„É≠„Ç∏„Çß„Ç...
You may provide a definition with
\DeclareUnicodeCharacter 


d:/masuda/3_researchSeminer/20250808/B4_masuda_20250808.tex:35: LaTeX Error: Unicode character „Å™ (U+306A)
               not set up for use with LaTeX.

See the LaTeX manual or LaTeX Companion for explanation.
Type  H <return>  for immediate help.
 ...                                              
                                                  
l.35 ...„Çå„Å¶„ÅÑ„ÇãÔºé„Åó„Åã„ÅóÔºå„Åì„ÅÆ„Çà„ÅÜ„Å™
                                                  Â§ßË¶èÊ®°„Éó„É≠„Ç∏„Çß„ÇØ„É...
You may provide a definition with
\DeclareUnicodeCharacter 


d:/masuda/3_researchSeminer/20250808/B4_masuda_20250808.tex:35: LaTeX Error: Unicode character Â§ß (U+5927)
               not set up for use with LaTeX.

See the LaTeX manual or LaTeX Companion for explanation.
Type  H <return>  for immediate help.
 ...                                              
                                                  
l.35 ...„Å¶„ÅÑ„ÇãÔºé„Åó„Åã„ÅóÔºå„Åì„ÅÆ„Çà„ÅÜ„Å™Â§ß
                                                  Ë¶èÊ®°„Éó„É≠„Ç∏„Çß„ÇØ„Éà„Å...
You may provide a definition with
\DeclareUnicodeCharacter 


d:/masuda/3_researchSeminer/20250808/B4_masuda_20250808.tex:35: LaTeX Error: Unicode character Ë¶è (U+898F)
               not set up for use with LaTeX.

See the LaTeX manual or LaTeX Companion for explanation.
Type  H <return>  for immediate help.
 ...                                              
                                                  
l.35 ...„ÅÑ„ÇãÔºé„Åó„Åã„ÅóÔºå„Åì„ÅÆ„Çà„ÅÜ„Å™Â§ßË¶è
                                                  Ê®°„Éó„É≠„Ç∏„Çß„ÇØ„Éà„ÅØÊ≤...
You may provide a definition with
\DeclareUnicodeCharacter 


d:/masuda/3_researchSeminer/20250808/B4_masuda_20250808.tex:35: LaTeX Error: Unicode character Ê®° (U+6A21)
               not set up for use with LaTeX.

See the LaTeX manual or LaTeX Companion for explanation.
Type  H <return>  for immediate help.
 ...                                              
                                                  
l.35 ...„ÇãÔºé„Åó„Åã„ÅóÔºå„Åì„ÅÆ„Çà„ÅÜ„Å™Â§ßË¶èÊ®°
                                                  „Éó„É≠„Ç∏„Çß„ÇØ„Éà„ÅØÊ≤øÁ∑...
You may provide a definition with
\DeclareUnicodeCharacter 


d:/masuda/3_researchSeminer/20250808/B4_masuda_20250808.tex:35: LaTeX Error: Unicode character „Éó (U+30D7)
               not set up for use with LaTeX.

See the LaTeX manual or LaTeX Companion for explanation.
Type  H <return>  for immediate help.
 ...                                              
                                                  
l.35 ...Ôºé„Åó„Åã„ÅóÔºå„Åì„ÅÆ„Çà„ÅÜ„Å™Â§ßË¶èÊ®°„Éó
                                                  „É≠„Ç∏„Çß„ÇØ„Éà„ÅØÊ≤øÁ∑ö‰Ω...
You may provide a definition with
\DeclareUnicodeCharacter 


d:/masuda/3_researchSeminer/20250808/B4_masuda_20250808.tex:35: LaTeX Error: Unicode character „É≠ (U+30ED)
               not set up for use with LaTeX.

See the LaTeX manual or LaTeX Companion for explanation.
Type  H <return>  for immediate help.
 ...                                              
                                                  
l.35 ...„Åó„Åã„ÅóÔºå„Åì„ÅÆ„Çà„ÅÜ„Å™Â§ßË¶èÊ®°„Éó„É≠
                                                  „Ç∏„Çß„ÇØ„Éà„ÅØÊ≤øÁ∑ö‰ΩèÊ∞...
You may provide a definition with
\DeclareUnicodeCharacter 


d:/masuda/3_researchSeminer/20250808/B4_masuda_20250808.tex:35: LaTeX Error: Unicode character „Ç∏ (U+30B8)
               not set up for use with LaTeX.

See the LaTeX manual or LaTeX Companion for explanation.
Type  H <return>  for immediate help.
 ...                                              
                                                  
l.35 ...„Åã„ÅóÔºå„Åì„ÅÆ„Çà„ÅÜ„Å™Â§ßË¶èÊ®°„Éó„É≠„Ç∏
                                                  „Çß„ÇØ„Éà„ÅØÊ≤øÁ∑ö‰ΩèÊ∞ë„Å...
You may provide a definition with
\DeclareUnicodeCharacter 


d:/masuda/3_researchSeminer/20250808/B4_masuda_20250808.tex:35: LaTeX Error: Unicode character „Çß (U+30A7)
               not set up for use with LaTeX.

See the LaTeX manual or LaTeX Companion for explanation.
Type  H <return>  for immediate help.
 ...                                              
                                                  
l.35 ...„ÅóÔºå„Åì„ÅÆ„Çà„ÅÜ„Å™Â§ßË¶èÊ®°„Éó„É≠„Ç∏„Çß
                                                  „ÇØ„Éà„ÅØÊ≤øÁ∑ö‰ΩèÊ∞ë„ÅÆÁê...
You may provide a definition with
\DeclareUnicodeCharacter 


d:/masuda/3_researchSeminer/20250808/B4_masuda_20250808.tex:35: LaTeX Error: Unicode character „ÇØ (U+30AF)
               not set up for use with LaTeX.

See the LaTeX manual or LaTeX Companion for explanation.
Type  H <return>  for immediate help.
 ...                                              
                                                  
l.35 ...Ôºå„Åì„ÅÆ„Çà„ÅÜ„Å™Â§ßË¶èÊ®°„Éó„É≠„Ç∏„Çß„ÇØ
                                                  „Éà„ÅØÊ≤øÁ∑ö‰ΩèÊ∞ë„ÅÆÁêÜËß...
You may provide a definition with
\DeclareUnicodeCharacter 


d:/masuda/3_researchSeminer/20250808/B4_masuda_20250808.tex:35: LaTeX Error: Unicode character „Éà (U+30C8)
               not set up for use with LaTeX.

See the LaTeX manual or LaTeX Companion for explanation.
Type  H <return>  for immediate help.
 ...                                              
                                                  
l.35 ...„Åì„ÅÆ„Çà„ÅÜ„Å™Â§ßË¶èÊ®°„Éó„É≠„Ç∏„Çß„ÇØ„Éà
                                                  „ÅØÊ≤øÁ∑ö‰ΩèÊ∞ë„ÅÆÁêÜËß£„Å...
You may provide a definition with
\DeclareUnicodeCharacter 


d:/masuda/3_researchSeminer/20250808/B4_masuda_20250808.tex:35: LaTeX Error: Unicode character „ÅØ (U+306F)
               not set up for use with LaTeX.

See the LaTeX manual or LaTeX Companion for explanation.
Type  H <return>  for immediate help.
 ...                                              
                                                  
l.35 ...„ÅÆ„Çà„ÅÜ„Å™Â§ßË¶èÊ®°„Éó„É≠„Ç∏„Çß„ÇØ„Éà„ÅØ
                                                  Ê≤øÁ∑ö‰ΩèÊ∞ë„ÅÆÁêÜËß£„Å®Âê...
You may provide a definition with
\DeclareUnicodeCharacter 


d:/masuda/3_researchSeminer/20250808/B4_masuda_20250808.tex:35: LaTeX Error: Unicode character Ê≤ø (U+6CBF)
               not set up for use with LaTeX.

See the LaTeX manual or LaTeX Companion for explanation.
Type  H <return>  for immediate help.
 ...                                              
                                                  
l.35 ...„Çà„ÅÜ„Å™Â§ßË¶èÊ®°„Éó„É≠„Ç∏„Çß„ÇØ„Éà„ÅØÊ≤ø
                                                  Á∑ö‰ΩèÊ∞ë„ÅÆÁêÜËß£„Å®ÂêàÊÑ...
You may provide a definition with
\DeclareUnicodeCharacter 


d:/masuda/3_researchSeminer/20250808/B4_masuda_20250808.tex:35: LaTeX Error: Unicode character Á∑ö (U+7DDA)
               not set up for use with LaTeX.

See the LaTeX manual or LaTeX Companion for explanation.
Type  H <return>  for immediate help.
 ...                                              
                                                  
l.35 ...„ÅÜ„Å™Â§ßË¶èÊ®°„Éó„É≠„Ç∏„Çß„ÇØ„Éà„ÅØÊ≤øÁ∑ö
                                                  ‰ΩèÊ∞ë„ÅÆÁêÜËß£„Å®ÂêàÊÑèÂΩ...
You may provide a definition with
\DeclareUnicodeCharacter 


d:/masuda/3_researchSeminer/20250808/B4_masuda_20250808.tex:35: LaTeX Error: Unicode character ‰Ωè (U+4F4F)
               not set up for use with LaTeX.

See the LaTeX manual or LaTeX Companion for explanation.
Type  H <return>  for immediate help.
 ...                                              
                                                  
l.35 ...„Å™Â§ßË¶èÊ®°„Éó„É≠„Ç∏„Çß„ÇØ„Éà„ÅØÊ≤øÁ∑ö‰Ωè
                                                  Ê∞ë„ÅÆÁêÜËß£„Å®ÂêàÊÑèÂΩ¢Êà...
You may provide a definition with
\DeclareUnicodeCharacter 


d:/masuda/3_researchSeminer/20250808/B4_masuda_20250808.tex:35: LaTeX Error: Unicode character Ê∞ë (U+6C11)
               not set up for use with LaTeX.

See the LaTeX manual or LaTeX Companion for explanation.
Type  H <return>  for immediate help.
 ...                                              
                                                  
l.35 ...Â§ßË¶èÊ®°„Éó„É≠„Ç∏„Çß„ÇØ„Éà„ÅØÊ≤øÁ∑ö‰ΩèÊ∞ë
                                                  „ÅÆÁêÜËß£„Å®ÂêàÊÑèÂΩ¢Êàê„Å...
You may provide a definition with
\DeclareUnicodeCharacter 


d:/masuda/3_researchSeminer/20250808/B4_masuda_20250808.tex:35: LaTeX Error: Unicode character „ÅÆ (U+306E)
               not set up for use with LaTeX.

See the LaTeX manual or LaTeX Companion for explanation.
Type  H <return>  for immediate help.
 ...                                              
                                                  
l.35 ...Ë¶èÊ®°„Éó„É≠„Ç∏„Çß„ÇØ„Éà„ÅØÊ≤øÁ∑ö‰ΩèÊ∞ë„ÅÆ
                                                  ÁêÜËß£„Å®ÂêàÊÑèÂΩ¢Êàê„Å™„Å...
You may provide a definition with
\DeclareUnicodeCharacter 


d:/masuda/3_researchSeminer/20250808/B4_masuda_20250808.tex:35: LaTeX Error: Unicode character ÁêÜ (U+7406)
               not set up for use with LaTeX.

See the LaTeX manual or LaTeX Companion for explanation.
Type  H <return>  for immediate help.
 ...                                              
                                                  
l.35 ...Ê®°„Éó„É≠„Ç∏„Çß„ÇØ„Éà„ÅØÊ≤øÁ∑ö‰ΩèÊ∞ë„ÅÆÁêÜ
                                                  Ëß£„Å®ÂêàÊÑèÂΩ¢Êàê„Å™„Åè„Å...
You may provide a definition with
\DeclareUnicodeCharacter 


d:/masuda/3_researchSeminer/20250808/B4_masuda_20250808.tex:35: LaTeX Error: Unicode character Ëß£ (U+89E3)
               not set up for use with LaTeX.

See the LaTeX manual or LaTeX Companion for explanation.
Type  H <return>  for immediate help.
 ...                                              
                                                  
l.35 ...„Éó„É≠„Ç∏„Çß„ÇØ„Éà„ÅØÊ≤øÁ∑ö‰ΩèÊ∞ë„ÅÆÁêÜËß£
                                                  „Å®ÂêàÊÑèÂΩ¢Êàê„Å™„Åè„Åó„Å...
You may provide a definition with
\DeclareUnicodeCharacter 


d:/masuda/3_researchSeminer/20250808/B4_masuda_20250808.tex:35: LaTeX Error: Unicode character „Å® (U+3068)
               not set up for use with LaTeX.

See the LaTeX manual or LaTeX Companion for explanation.
Type  H <return>  for immediate help.
 ...                                              
                                                  
l.35 ...„É≠„Ç∏„Çß„ÇØ„Éà„ÅØÊ≤øÁ∑ö‰ΩèÊ∞ë„ÅÆÁêÜËß£„Å®
                                                  ÂêàÊÑèÂΩ¢Êàê„Å™„Åè„Åó„Å¶„Å...
You may provide a definition with
\DeclareUnicodeCharacter 


d:/masuda/3_researchSeminer/20250808/B4_masuda_20250808.tex:35: LaTeX Error: Unicode character Âêà (U+5408)
               not set up for use with LaTeX.

See the LaTeX manual or LaTeX Companion for explanation.
Type  H <return>  for immediate help.
 ...                                              
                                                  
l.35 ...„Ç∏„Çß„ÇØ„Éà„ÅØÊ≤øÁ∑ö‰ΩèÊ∞ë„ÅÆÁêÜËß£„Å®Âêà
                                                  ÊÑèÂΩ¢Êàê„Å™„Åè„Åó„Å¶„ÅØÊà...
You may provide a definition with
\DeclareUnicodeCharacter 


d:/masuda/3_researchSeminer/20250808/B4_masuda_20250808.tex:35: LaTeX Error: Unicode character ÊÑè (U+610F)
               not set up for use with LaTeX.

See the LaTeX manual or LaTeX Companion for explanation.
Type  H <return>  for immediate help.
 ...                                              
                                                  
l.35 ...„Çß„ÇØ„Éà„ÅØÊ≤øÁ∑ö‰ΩèÊ∞ë„ÅÆÁêÜËß£„Å®ÂêàÊÑè
                                                  ÂΩ¢Êàê„Å™„Åè„Åó„Å¶„ÅØÊàê„Ç...
You may provide a definition with
\DeclareUnicodeCharacter 


d:/masuda/3_researchSeminer/20250808/B4_masuda_20250808.tex:35: LaTeX Error: Unicode character ÂΩ¢ (U+5F62)
               not set up for use with LaTeX.

See the LaTeX manual or LaTeX Companion for explanation.
Type  H <return>  for immediate help.
 ...                                              
                                                  
l.35 ...„ÇØ„Éà„ÅØÊ≤øÁ∑ö‰ΩèÊ∞ë„ÅÆÁêÜËß£„Å®ÂêàÊÑèÂΩ¢
                                                  Êàê„Å™„Åè„Åó„Å¶„ÅØÊàê„ÇäÁ´...
You may provide a definition with
\DeclareUnicodeCharacter 


d:/masuda/3_researchSeminer/20250808/B4_masuda_20250808.tex:35: LaTeX Error: Unicode character Êàê (U+6210)
               not set up for use with LaTeX.

See the LaTeX manual or LaTeX Companion for explanation.
Type  H <return>  for immediate help.
 ...                                              
                                                  
l.35 ...„Éà„ÅØÊ≤øÁ∑ö‰ΩèÊ∞ë„ÅÆÁêÜËß£„Å®ÂêàÊÑèÂΩ¢Êàê
                                                  „Å™„Åè„Åó„Å¶„ÅØÊàê„ÇäÁ´ã„Å...
You may provide a definition with
\DeclareUnicodeCharacter 


d:/masuda/3_researchSeminer/20250808/B4_masuda_20250808.tex:35: LaTeX Error: Unicode character „Å™ (U+306A)
               not set up for use with LaTeX.

See the LaTeX manual or LaTeX Companion for explanation.
Type  H <return>  for immediate help.
 ...                                              
                                                  
l.35 ...„ÅØÊ≤øÁ∑ö‰ΩèÊ∞ë„ÅÆÁêÜËß£„Å®ÂêàÊÑèÂΩ¢Êàê„Å™
                                                  „Åè„Åó„Å¶„ÅØÊàê„ÇäÁ´ã„Åü„Å...
You may provide a definition with
\DeclareUnicodeCharacter 


d:/masuda/3_researchSeminer/20250808/B4_masuda_20250808.tex:35: LaTeX Error: Unicode character „Åè (U+304F)
               not set up for use with LaTeX.

See the LaTeX manual or LaTeX Companion for explanation.
Type  H <return>  for immediate help.
 ...                                              
                                                  
l.35 ...Ê≤øÁ∑ö‰ΩèÊ∞ë„ÅÆÁêÜËß£„Å®ÂêàÊÑèÂΩ¢Êàê„Å™„Åè
                                                  „Åó„Å¶„ÅØÊàê„ÇäÁ´ã„Åü„Å™„Å...
You may provide a definition with
\DeclareUnicodeCharacter 


d:/masuda/3_researchSeminer/20250808/B4_masuda_20250808.tex:35: LaTeX Error: Unicode character „Åó (U+3057)
               not set up for use with LaTeX.

See the LaTeX manual or LaTeX Companion for explanation.
Type  H <return>  for immediate help.
 ...                                              
                                                  
l.35 ...Á∑ö‰ΩèÊ∞ë„ÅÆÁêÜËß£„Å®ÂêàÊÑèÂΩ¢Êàê„Å™„Åè„Åó
                                                  „Å¶„ÅØÊàê„ÇäÁ´ã„Åü„Å™„ÅÑÔº...
You may provide a definition with
\DeclareUnicodeCharacter 


d:/masuda/3_researchSeminer/20250808/B4_masuda_20250808.tex:35: LaTeX Error: Unicode character „Å¶ (U+3066)
               not set up for use with LaTeX.

See the LaTeX manual or LaTeX Companion for explanation.
Type  H <return>  for immediate help.
 ...                                              
                                                  
l.35 ...‰ΩèÊ∞ë„ÅÆÁêÜËß£„Å®ÂêàÊÑèÂΩ¢Êàê„Å™„Åè„Åó„Å¶
                                                  „ÅØÊàê„ÇäÁ´ã„Åü„Å™„ÅÑÔºéÁâ...
You may provide a definition with
\DeclareUnicodeCharacter 


d:/masuda/3_researchSeminer/20250808/B4_masuda_20250808.tex:35: LaTeX Error: Unicode character „ÅØ (U+306F)
               not set up for use with LaTeX.

See the LaTeX manual or LaTeX Companion for explanation.
Type  H <return>  for immediate help.
 ...                                              
                                                  
l.35 ...Ê∞ë„ÅÆÁêÜËß£„Å®ÂêàÊÑèÂΩ¢Êàê„Å™„Åè„Åó„Å¶„ÅØ
                                                  Êàê„ÇäÁ´ã„Åü„Å™„ÅÑÔºéÁâπ„Å...
You may provide a definition with
\DeclareUnicodeCharacter 


d:/masuda/3_researchSeminer/20250808/B4_masuda_20250808.tex:35: LaTeX Error: Unicode character Êàê (U+6210)
               not set up for use with LaTeX.

See the LaTeX manual or LaTeX Companion for explanation.
Type  H <return>  for immediate help.
 ...                                              
                                                  
l.35 ...„ÅÆÁêÜËß£„Å®ÂêàÊÑèÂΩ¢Êàê„Å™„Åè„Åó„Å¶„ÅØÊàê
                                                  „ÇäÁ´ã„Åü„Å™„ÅÑÔºéÁâπ„Å´Ôº...
(That makes 100 errors; please try again.) 
Here is how much of TeX's memory you used:
 2371 strings out of 467816
 43877 string characters out of 5436431
 442384 words of memory out of 5000000
 31039 multiletter control sequences out of 15000+600000
 626825 words of font info for 40 fonts, out of 8000000 for 9000
 1141 hyphenation exceptions out of 8191
 67i,5n,77p,465b,92s stack positions out of 10000i,1000n,20000p,200000b,200000s

d:/masuda/3_researchSeminer/20250808/B4_masuda_20250808.tex:35:  ==> Fatal error occurred, no output PDF file produced!
